<?xml version="1.0" encoding="UTF-8"?>
<!-- Generated by org.testng.reporters.JUnitXMLReporter -->
<testsuite ignored="6" hostname="DESKTOP-QMAKQJB" failures="0" tests="1" name="Default test" time="2.26" errors="0" timestamp="2024-06-15T20:41:05 IST">
  <testcase classname="com.rest.RequestParameters" name="downloadFileMultipartFromData" time="2.223"/>
  <testcase classname="com.rest.RequestParameters" name="multiPartFormData" time="0.0">
    <ignored/>
  </testcase> <!-- multiPartFormData -->
  <testcase classname="com.rest.RequestParameters" name="multiQueryParameter" time="0.0">
    <ignored/>
  </testcase> <!-- multiQueryParameter -->
  <testcase classname="com.rest.RequestParameters" name="singleQueryParameter" time="0.0">
    <ignored/>
  </testcase> <!-- singleQueryParameter -->
  <testcase classname="com.rest.RequestParameters" name="multiValueParameter" time="0.0">
    <ignored/>
  </testcase> <!-- multiValueParameter -->
  <testcase classname="com.rest.RequestParameters" name="uploadFileMultipartFromData" time="0.0">
    <ignored/>
  </testcase> <!-- uploadFileMultipartFromData -->
  <testcase classname="com.rest.RequestParameters" name="pathParameter" time="0.0">
    <ignored/>
  </testcase> <!-- pathParameter -->
</testsuite> <!-- Default test -->
