<?xml version="1.0" encoding="UTF-8"?>
<testng-results ignored="0" total="1" passed="1" failed="0" skipped="0">
  <reporter-output>
  </reporter-output>
  <suite started-at="2024-06-16T11:43:27 IST" name="Default suite" finished-at="2024-06-16T11:43:31 IST" duration-ms="4003">
    <groups>
    </groups>
    <test started-at="2024-06-16T11:43:27 IST" name="Default test" finished-at="2024-06-16T11:43:31 IST" duration-ms="4003">
      <class name="com.rest.JsonSchemaValidation">
        <test-method signature="testRest()[pri:0, instance:com.rest.JsonSchemaValidation@39529185]" started-at="2024-06-16T11:43:27 IST" name="testRest" finished-at="2024-06-16T11:43:31 IST" duration-ms="3956" status="PASS">
          <reporter-output>
          </reporter-output>
        </test-method> <!-- testRest -->
      </class> <!-- com.rest.JsonSchemaValidation -->
    </test> <!-- Default test -->
  </suite> <!-- Default suite -->
</testng-results>
