<?xml version="1.0" encoding="UTF-8"?>
<testng-results ignored="13" total="14" passed="1" failed="0" skipped="0">
  <reporter-output>
  </reporter-output>
  <suite started-at="2024-06-15T21:01:02 IST" name="Default suite" finished-at="2024-06-15T21:01:04 IST" duration-ms="2778">
    <groups>
    </groups>
    <test started-at="2024-06-15T21:01:02 IST" name="Default test" finished-at="2024-06-15T21:01:04 IST" duration-ms="2778">
      <class name="com.rest.TestRest">
        <test-method signature="extractResponse()[pri:0, instance:com.rest.TestRest@63355449]" started-at="2024-06-15T21:01:02 IST" name="extractResponse" finished-at="2024-06-15T21:01:04 IST" duration-ms="2745" status="PASS">
          <reporter-output>
          </reporter-output>
        </test-method> <!-- extractResponse -->
      </class> <!-- com.rest.TestRest -->
    </test> <!-- Default test -->
  </suite> <!-- Default suite -->
</testng-results>
